CRITICAL - 2022-02-21 18:24:02 --> syntax error, unexpected '"intentalo otra vez"' (T_CONSTANT_ENCAPSED_STRING)
#0 D:\XAMPP\htdocs\sistema_medico\system\Router\Router.php(175): CodeIgniter\Router\Router->autoRoute('ctrl_acceso/acc...')
#1 D:\XAMPP\htdocs\sistema_medico\system\CodeIgniter.php(719): CodeIgniter\Router\Router->handle('ctrl_acceso/acc...')
#2 D:\XAMPP\htdocs\sistema_medico\system\CodeIgniter.php(361): CodeIgniter\CodeIgniter->tryToRouteIt(Object(CodeIgniter\Router\RouteCollection))
#3 D:\XAMPP\htdocs\sistema_medico\system\CodeIgniter.php(320): CodeIgniter\CodeIgniter->handleRequest(NULL, Object(Config\Cache), false)
#4 D:\XAMPP\htdocs\sistema_medico\index.php(37): CodeIgniter\CodeIgniter->run()
#5 {main}
CRITICAL - 2022-02-21 18:24:05 --> syntax error, unexpected '"intentalo otra vez"' (T_CONSTANT_ENCAPSED_STRING)
#0 D:\XAMPP\htdocs\sistema_medico\system\Autoloader\Autoloader.php(241): CodeIgniter\Autoloader\Autoloader->includeFile('D:\\XAMPP\\htdocs...')
#1 D:\XAMPP\htdocs\sistema_medico\system\Autoloader\Autoloader.php(219): CodeIgniter\Autoloader\Autoloader->loadInNamespace('App\\Controllers...')
#2 [internal function]: CodeIgniter\Autoloader\Autoloader->loadClass('App\\Controllers...')
#3 [internal function]: spl_autoload_call('App\\Controllers...')
#4 D:\XAMPP\htdocs\sistema_medico\system\CodeIgniter.php(790): class_exists('\\App\\Controller...', true)
#5 D:\XAMPP\htdocs\sistema_medico\system\CodeIgniter.php(399): CodeIgniter\CodeIgniter->startController()
#6 D:\XAMPP\htdocs\sistema_medico\system\CodeIgniter.php(320): CodeIgniter\CodeIgniter->handleRequest(NULL, Object(Config\Cache), false)
#7 D:\XAMPP\htdocs\sistema_medico\index.php(37): CodeIgniter\CodeIgniter->run()
#8 {main}
CRITICAL - 2022-02-21 18:25:00 --> syntax error, unexpected '"intentalo otra vez"' (T_CONSTANT_ENCAPSED_STRING)
#0 D:\XAMPP\htdocs\sistema_medico\system\Autoloader\Autoloader.php(241): CodeIgniter\Autoloader\Autoloader->includeFile('D:\\XAMPP\\htdocs...')
#1 D:\XAMPP\htdocs\sistema_medico\system\Autoloader\Autoloader.php(219): CodeIgniter\Autoloader\Autoloader->loadInNamespace('App\\Controllers...')
#2 [internal function]: CodeIgniter\Autoloader\Autoloader->loadClass('App\\Controllers...')
#3 [internal function]: spl_autoload_call('App\\Controllers...')
#4 D:\XAMPP\htdocs\sistema_medico\system\CodeIgniter.php(790): class_exists('\\App\\Controller...', true)
#5 D:\XAMPP\htdocs\sistema_medico\system\CodeIgniter.php(399): CodeIgniter\CodeIgniter->startController()
#6 D:\XAMPP\htdocs\sistema_medico\system\CodeIgniter.php(320): CodeIgniter\CodeIgniter->handleRequest(NULL, Object(Config\Cache), false)
#7 D:\XAMPP\htdocs\sistema_medico\index.php(37): CodeIgniter\CodeIgniter->run()
#8 {main}
CRITICAL - 2022-02-21 18:46:43 --> min_lenght(5) is not a valid rule.
#0 D:\XAMPP\htdocs\sistema_medico\system\Validation\Validation.php(300): CodeIgniter\Validation\Exceptions\ValidationException::forRuleNotFound('min_lenght(5)')
#1 D:\XAMPP\htdocs\sistema_medico\system\Validation\Validation.php(157): CodeIgniter\Validation\Validation->processRules('password', 'password', 'deff', Array, Array)
#2 D:\XAMPP\htdocs\sistema_medico\system\Controller.php(160): CodeIgniter\Validation\Validation->run()
#3 D:\XAMPP\htdocs\sistema_medico\app\Controllers\ctrl_acceso.php(16): CodeIgniter\Controller->validate(Array)
#4 D:\XAMPP\htdocs\sistema_medico\system\CodeIgniter.php(825): App\Controllers\ctrl_acceso->acceder()
#5 D:\XAMPP\htdocs\sistema_medico\system\CodeIgniter.php(412): CodeIgniter\CodeIgniter->runController(Object(App\Controllers\ctrl_acceso))
#6 D:\XAMPP\htdocs\sistema_medico\system\CodeIgniter.php(320): CodeIgniter\CodeIgniter->handleRequest(NULL, Object(Config\Cache), false)
#7 D:\XAMPP\htdocs\sistema_medico\index.php(37): CodeIgniter\CodeIgniter->run()
#8 {main}
CRITICAL - 2022-02-21 18:47:56 --> min_lenght is not a valid rule.
#0 D:\XAMPP\htdocs\sistema_medico\system\Validation\Validation.php(300): CodeIgniter\Validation\Exceptions\ValidationException::forRuleNotFound('min_lenght')
#1 D:\XAMPP\htdocs\sistema_medico\system\Validation\Validation.php(157): CodeIgniter\Validation\Validation->processRules('password', 'password', 'awf', Array, Array)
#2 D:\XAMPP\htdocs\sistema_medico\system\Controller.php(160): CodeIgniter\Validation\Validation->run()
#3 D:\XAMPP\htdocs\sistema_medico\app\Controllers\ctrl_acceso.php(16): CodeIgniter\Controller->validate(Array)
#4 D:\XAMPP\htdocs\sistema_medico\system\CodeIgniter.php(825): App\Controllers\ctrl_acceso->acceder()
#5 D:\XAMPP\htdocs\sistema_medico\system\CodeIgniter.php(412): CodeIgniter\CodeIgniter->runController(Object(App\Controllers\ctrl_acceso))
#6 D:\XAMPP\htdocs\sistema_medico\system\CodeIgniter.php(320): CodeIgniter\CodeIgniter->handleRequest(NULL, Object(Config\Cache), false)
#7 D:\XAMPP\htdocs\sistema_medico\index.php(37): CodeIgniter\CodeIgniter->run()
#8 {main}
CRITICAL - 2022-02-21 18:48:17 --> min_lenght is not a valid rule.
#0 D:\XAMPP\htdocs\sistema_medico\system\Validation\Validation.php(300): CodeIgniter\Validation\Exceptions\ValidationException::forRuleNotFound('min_lenght')
#1 D:\XAMPP\htdocs\sistema_medico\system\Validation\Validation.php(157): CodeIgniter\Validation\Validation->processRules('password', 'password', 'dewq', Array, Array)
#2 D:\XAMPP\htdocs\sistema_medico\system\Controller.php(160): CodeIgniter\Validation\Validation->run()
#3 D:\XAMPP\htdocs\sistema_medico\app\Controllers\ctrl_acceso.php(16): CodeIgniter\Controller->validate(Array)
#4 D:\XAMPP\htdocs\sistema_medico\system\CodeIgniter.php(825): App\Controllers\ctrl_acceso->acceder()
#5 D:\XAMPP\htdocs\sistema_medico\system\CodeIgniter.php(412): CodeIgniter\CodeIgniter->runController(Object(App\Controllers\ctrl_acceso))
#6 D:\XAMPP\htdocs\sistema_medico\system\CodeIgniter.php(320): CodeIgniter\CodeIgniter->handleRequest(NULL, Object(Config\Cache), false)
#7 D:\XAMPP\htdocs\sistema_medico\index.php(37): CodeIgniter\CodeIgniter->run()
#8 {main}
CRITICAL - 2022-02-21 18:50:32 --> min_lenght is not a valid rule.
#0 D:\XAMPP\htdocs\sistema_medico\system\Validation\Validation.php(300): CodeIgniter\Validation\Exceptions\ValidationException::forRuleNotFound('min_lenght')
#1 D:\XAMPP\htdocs\sistema_medico\system\Validation\Validation.php(157): CodeIgniter\Validation\Validation->processRules('password', 'password', 'dewq', Array, Array)
#2 D:\XAMPP\htdocs\sistema_medico\system\Controller.php(160): CodeIgniter\Validation\Validation->run()
#3 D:\XAMPP\htdocs\sistema_medico\app\Controllers\ctrl_acceso.php(16): CodeIgniter\Controller->validate(Array)
#4 D:\XAMPP\htdocs\sistema_medico\system\CodeIgniter.php(825): App\Controllers\ctrl_acceso->acceder()
#5 D:\XAMPP\htdocs\sistema_medico\system\CodeIgniter.php(412): CodeIgniter\CodeIgniter->runController(Object(App\Controllers\ctrl_acceso))
#6 D:\XAMPP\htdocs\sistema_medico\system\CodeIgniter.php(320): CodeIgniter\CodeIgniter->handleRequest(NULL, Object(Config\Cache), false)
#7 D:\XAMPP\htdocs\sistema_medico\index.php(37): CodeIgniter\CodeIgniter->run()
#8 {main}
CRITICAL - 2022-02-21 18:53:50 --> min_lenght is not a valid rule.
#0 D:\XAMPP\htdocs\sistema_medico\system\Validation\Validation.php(300): CodeIgniter\Validation\Exceptions\ValidationException::forRuleNotFound('min_lenght')
#1 D:\XAMPP\htdocs\sistema_medico\system\Validation\Validation.php(157): CodeIgniter\Validation\Validation->processRules('password', 'password', 'dewq', Array, Array)
#2 D:\XAMPP\htdocs\sistema_medico\system\Controller.php(160): CodeIgniter\Validation\Validation->run()
#3 D:\XAMPP\htdocs\sistema_medico\app\Controllers\ctrl_acceso.php(16): CodeIgniter\Controller->validate(Array)
#4 D:\XAMPP\htdocs\sistema_medico\system\CodeIgniter.php(825): App\Controllers\ctrl_acceso->acceder()
#5 D:\XAMPP\htdocs\sistema_medico\system\CodeIgniter.php(412): CodeIgniter\CodeIgniter->runController(Object(App\Controllers\ctrl_acceso))
#6 D:\XAMPP\htdocs\sistema_medico\system\CodeIgniter.php(320): CodeIgniter\CodeIgniter->handleRequest(NULL, Object(Config\Cache), false)
#7 D:\XAMPP\htdocs\sistema_medico\index.php(37): CodeIgniter\CodeIgniter->run()
#8 {main}
CRITICAL - 2022-02-21 18:54:01 --> min_lenght is not a valid rule.
#0 D:\XAMPP\htdocs\sistema_medico\system\Validation\Validation.php(300): CodeIgniter\Validation\Exceptions\ValidationException::forRuleNotFound('min_lenght')
#1 D:\XAMPP\htdocs\sistema_medico\system\Validation\Validation.php(157): CodeIgniter\Validation\Validation->processRules('password', 'password', 'password', Array, Array)
#2 D:\XAMPP\htdocs\sistema_medico\system\Controller.php(160): CodeIgniter\Validation\Validation->run()
#3 D:\XAMPP\htdocs\sistema_medico\app\Controllers\ctrl_acceso.php(16): CodeIgniter\Controller->validate(Array)
#4 D:\XAMPP\htdocs\sistema_medico\system\CodeIgniter.php(825): App\Controllers\ctrl_acceso->acceder()
#5 D:\XAMPP\htdocs\sistema_medico\system\CodeIgniter.php(412): CodeIgniter\CodeIgniter->runController(Object(App\Controllers\ctrl_acceso))
#6 D:\XAMPP\htdocs\sistema_medico\system\CodeIgniter.php(320): CodeIgniter\CodeIgniter->handleRequest(NULL, Object(Config\Cache), false)
#7 D:\XAMPP\htdocs\sistema_medico\index.php(37): CodeIgniter\CodeIgniter->run()
#8 {main}
