CRITICAL - 2022-02-17 02:07:50 --> The framework needs the following extension(s) installed and loaded: intl.
#0 D:\XAMPP\htdocs\codeigniter4-CodeIgniter4-70d881c\system\CodeIgniter.php(219): CodeIgniter\Exceptions\FrameworkException::forMissingExtension('intl')
#1 D:\XAMPP\htdocs\codeigniter4-CodeIgniter4-70d881c\system\CodeIgniter.php(177): CodeIgniter\CodeIgniter->resolvePlatformExtensions()
#2 D:\XAMPP\htdocs\codeigniter4-CodeIgniter4-70d881c\system\bootstrap.php(146): CodeIgniter\CodeIgniter->initialize()
#3 D:\XAMPP\htdocs\codeigniter4-CodeIgniter4-70d881c\public\index.php(28): require('D:\\XAMPP\\htdocs...')
#4 {main}
CRITICAL - 2022-02-17 02:11:11 --> The framework needs the following extension(s) installed and loaded: intl.
#0 D:\XAMPP\htdocs\codeigniter4-CodeIgniter4-70d881c\system\CodeIgniter.php(219): CodeIgniter\Exceptions\FrameworkException::forMissingExtension('intl')
#1 D:\XAMPP\htdocs\codeigniter4-CodeIgniter4-70d881c\system\CodeIgniter.php(177): CodeIgniter\CodeIgniter->resolvePlatformExtensions()
#2 D:\XAMPP\htdocs\codeigniter4-CodeIgniter4-70d881c\system\bootstrap.php(146): CodeIgniter\CodeIgniter->initialize()
#3 D:\XAMPP\htdocs\codeigniter4-CodeIgniter4-70d881c\public\index.php(28): require('D:\\XAMPP\\htdocs...')
#4 {main}
CRITICAL - 2022-02-17 02:11:14 --> The framework needs the following extension(s) installed and loaded: intl.
#0 D:\XAMPP\htdocs\codeigniter4-CodeIgniter4-70d881c\system\CodeIgniter.php(219): CodeIgniter\Exceptions\FrameworkException::forMissingExtension('intl')
#1 D:\XAMPP\htdocs\codeigniter4-CodeIgniter4-70d881c\system\CodeIgniter.php(177): CodeIgniter\CodeIgniter->resolvePlatformExtensions()
#2 D:\XAMPP\htdocs\codeigniter4-CodeIgniter4-70d881c\system\bootstrap.php(146): CodeIgniter\CodeIgniter->initialize()
#3 D:\XAMPP\htdocs\codeigniter4-CodeIgniter4-70d881c\public\index.php(28): require('D:\\XAMPP\\htdocs...')
#4 {main}
CRITICAL - 2022-02-17 02:11:16 --> The framework needs the following extension(s) installed and loaded: intl.
#0 D:\XAMPP\htdocs\codeigniter4-CodeIgniter4-70d881c\system\CodeIgniter.php(219): CodeIgniter\Exceptions\FrameworkException::forMissingExtension('intl')
#1 D:\XAMPP\htdocs\codeigniter4-CodeIgniter4-70d881c\system\CodeIgniter.php(177): CodeIgniter\CodeIgniter->resolvePlatformExtensions()
#2 D:\XAMPP\htdocs\codeigniter4-CodeIgniter4-70d881c\system\bootstrap.php(146): CodeIgniter\CodeIgniter->initialize()
#3 D:\XAMPP\htdocs\codeigniter4-CodeIgniter4-70d881c\public\index.php(28): require('D:\\XAMPP\\htdocs...')
#4 {main}
CRITICAL - 2022-02-17 02:11:16 --> The framework needs the following extension(s) installed and loaded: intl.
#0 D:\XAMPP\htdocs\codeigniter4-CodeIgniter4-70d881c\system\CodeIgniter.php(219): CodeIgniter\Exceptions\FrameworkException::forMissingExtension('intl')
#1 D:\XAMPP\htdocs\codeigniter4-CodeIgniter4-70d881c\system\CodeIgniter.php(177): CodeIgniter\CodeIgniter->resolvePlatformExtensions()
#2 D:\XAMPP\htdocs\codeigniter4-CodeIgniter4-70d881c\system\bootstrap.php(146): CodeIgniter\CodeIgniter->initialize()
#3 D:\XAMPP\htdocs\codeigniter4-CodeIgniter4-70d881c\public\index.php(28): require('D:\\XAMPP\\htdocs...')
#4 {main}
CRITICAL - 2022-02-17 02:11:17 --> The framework needs the following extension(s) installed and loaded: intl.
#0 D:\XAMPP\htdocs\codeigniter4-CodeIgniter4-70d881c\system\CodeIgniter.php(219): CodeIgniter\Exceptions\FrameworkException::forMissingExtension('intl')
#1 D:\XAMPP\htdocs\codeigniter4-CodeIgniter4-70d881c\system\CodeIgniter.php(177): CodeIgniter\CodeIgniter->resolvePlatformExtensions()
#2 D:\XAMPP\htdocs\codeigniter4-CodeIgniter4-70d881c\system\bootstrap.php(146): CodeIgniter\CodeIgniter->initialize()
#3 D:\XAMPP\htdocs\codeigniter4-CodeIgniter4-70d881c\public\index.php(28): require('D:\\XAMPP\\htdocs...')
#4 {main}
CRITICAL - 2022-02-17 02:11:25 --> The framework needs the following extension(s) installed and loaded: intl.
#0 D:\XAMPP\htdocs\codeigniter4-CodeIgniter4-70d881c\system\CodeIgniter.php(219): CodeIgniter\Exceptions\FrameworkException::forMissingExtension('intl')
#1 D:\XAMPP\htdocs\codeigniter4-CodeIgniter4-70d881c\system\CodeIgniter.php(177): CodeIgniter\CodeIgniter->resolvePlatformExtensions()
#2 D:\XAMPP\htdocs\codeigniter4-CodeIgniter4-70d881c\system\bootstrap.php(146): CodeIgniter\CodeIgniter->initialize()
#3 D:\XAMPP\htdocs\codeigniter4-CodeIgniter4-70d881c\public\index.php(28): require('D:\\XAMPP\\htdocs...')
#4 {main}
CRITICAL - 2022-02-17 02:11:43 --> The framework needs the following extension(s) installed and loaded: intl.
#0 D:\XAMPP\htdocs\codeigniter4-CodeIgniter4-70d881c\system\CodeIgniter.php(219): CodeIgniter\Exceptions\FrameworkException::forMissingExtension('intl')
#1 D:\XAMPP\htdocs\codeigniter4-CodeIgniter4-70d881c\system\CodeIgniter.php(177): CodeIgniter\CodeIgniter->resolvePlatformExtensions()
#2 D:\XAMPP\htdocs\codeigniter4-CodeIgniter4-70d881c\system\bootstrap.php(146): CodeIgniter\CodeIgniter->initialize()
#3 D:\XAMPP\htdocs\codeigniter4-CodeIgniter4-70d881c\public\index.php(28): require('D:\\XAMPP\\htdocs...')
#4 {main}
