CRITICAL - 2022-02-20 18:18:30 --> Invalid file: index.php
#0 D:\XAMPP\htdocs\sistema_medico\system\View\View.php(198): CodeIgniter\Exceptions\FrameworkException::forInvalidFile('index.php')
#1 D:\XAMPP\htdocs\sistema_medico\system\Common.php(1089): CodeIgniter\View\View->render('index', Array, true)
#2 D:\XAMPP\htdocs\sistema_medico\app\Controllers\ctrl_acceso.php(6): view('index')
#3 D:\XAMPP\htdocs\sistema_medico\system\CodeIgniter.php(825): App\Controllers\ctrl_acceso->index()
#4 D:\XAMPP\htdocs\sistema_medico\system\CodeIgniter.php(412): CodeIgniter\CodeIgniter->runController(Object(App\Controllers\ctrl_acceso))
#5 D:\XAMPP\htdocs\sistema_medico\system\CodeIgniter.php(320): CodeIgniter\CodeIgniter->handleRequest(NULL, Object(Config\Cache), false)
#6 D:\XAMPP\htdocs\sistema_medico\index.php(37): CodeIgniter\CodeIgniter->run()
#7 {main}
CRITICAL - 2022-02-20 18:18:35 --> Invalid file: index.php
#0 D:\XAMPP\htdocs\sistema_medico\system\View\View.php(198): CodeIgniter\Exceptions\FrameworkException::forInvalidFile('index.php')
#1 D:\XAMPP\htdocs\sistema_medico\system\Common.php(1089): CodeIgniter\View\View->render('index', Array, true)
#2 D:\XAMPP\htdocs\sistema_medico\app\Controllers\ctrl_acceso.php(6): view('index')
#3 D:\XAMPP\htdocs\sistema_medico\system\CodeIgniter.php(825): App\Controllers\ctrl_acceso->index()
#4 D:\XAMPP\htdocs\sistema_medico\system\CodeIgniter.php(412): CodeIgniter\CodeIgniter->runController(Object(App\Controllers\ctrl_acceso))
#5 D:\XAMPP\htdocs\sistema_medico\system\CodeIgniter.php(320): CodeIgniter\CodeIgniter->handleRequest(NULL, Object(Config\Cache), false)
#6 D:\XAMPP\htdocs\sistema_medico\index.php(37): CodeIgniter\CodeIgniter->run()
#7 {main}
CRITICAL - 2022-02-20 18:18:36 --> Invalid file: index.php
#0 D:\XAMPP\htdocs\sistema_medico\system\View\View.php(198): CodeIgniter\Exceptions\FrameworkException::forInvalidFile('index.php')
#1 D:\XAMPP\htdocs\sistema_medico\system\Common.php(1089): CodeIgniter\View\View->render('index', Array, true)
#2 D:\XAMPP\htdocs\sistema_medico\app\Controllers\ctrl_acceso.php(6): view('index')
#3 D:\XAMPP\htdocs\sistema_medico\system\CodeIgniter.php(825): App\Controllers\ctrl_acceso->index()
#4 D:\XAMPP\htdocs\sistema_medico\system\CodeIgniter.php(412): CodeIgniter\CodeIgniter->runController(Object(App\Controllers\ctrl_acceso))
#5 D:\XAMPP\htdocs\sistema_medico\system\CodeIgniter.php(320): CodeIgniter\CodeIgniter->handleRequest(NULL, Object(Config\Cache), false)
#6 D:\XAMPP\htdocs\sistema_medico\index.php(37): CodeIgniter\CodeIgniter->run()
#7 {main}
CRITICAL - 2022-02-20 18:18:37 --> Invalid file: index.php
#0 D:\XAMPP\htdocs\sistema_medico\system\View\View.php(198): CodeIgniter\Exceptions\FrameworkException::forInvalidFile('index.php')
#1 D:\XAMPP\htdocs\sistema_medico\system\Common.php(1089): CodeIgniter\View\View->render('index', Array, true)
#2 D:\XAMPP\htdocs\sistema_medico\app\Controllers\ctrl_acceso.php(6): view('index')
#3 D:\XAMPP\htdocs\sistema_medico\system\CodeIgniter.php(825): App\Controllers\ctrl_acceso->index()
#4 D:\XAMPP\htdocs\sistema_medico\system\CodeIgniter.php(412): CodeIgniter\CodeIgniter->runController(Object(App\Controllers\ctrl_acceso))
#5 D:\XAMPP\htdocs\sistema_medico\system\CodeIgniter.php(320): CodeIgniter\CodeIgniter->handleRequest(NULL, Object(Config\Cache), false)
#6 D:\XAMPP\htdocs\sistema_medico\index.php(37): CodeIgniter\CodeIgniter->run()
#7 {main}
CRITICAL - 2022-02-20 18:18:46 --> Invalid file: index.php
#0 D:\XAMPP\htdocs\sistema_medico\system\View\View.php(198): CodeIgniter\Exceptions\FrameworkException::forInvalidFile('index.php')
#1 D:\XAMPP\htdocs\sistema_medico\system\Common.php(1089): CodeIgniter\View\View->render('index', Array, true)
#2 D:\XAMPP\htdocs\sistema_medico\app\Controllers\ctrl_acceso.php(6): view('index')
#3 D:\XAMPP\htdocs\sistema_medico\system\CodeIgniter.php(825): App\Controllers\ctrl_acceso->index()
#4 D:\XAMPP\htdocs\sistema_medico\system\CodeIgniter.php(412): CodeIgniter\CodeIgniter->runController(Object(App\Controllers\ctrl_acceso))
#5 D:\XAMPP\htdocs\sistema_medico\system\CodeIgniter.php(320): CodeIgniter\CodeIgniter->handleRequest(NULL, Object(Config\Cache), false)
#6 D:\XAMPP\htdocs\sistema_medico\index.php(37): CodeIgniter\CodeIgniter->run()
#7 {main}
CRITICAL - 2022-02-20 18:18:47 --> Invalid file: index.php
#0 D:\XAMPP\htdocs\sistema_medico\system\View\View.php(198): CodeIgniter\Exceptions\FrameworkException::forInvalidFile('index.php')
#1 D:\XAMPP\htdocs\sistema_medico\system\Common.php(1089): CodeIgniter\View\View->render('index', Array, true)
#2 D:\XAMPP\htdocs\sistema_medico\app\Controllers\ctrl_acceso.php(6): view('index')
#3 D:\XAMPP\htdocs\sistema_medico\system\CodeIgniter.php(825): App\Controllers\ctrl_acceso->index()
#4 D:\XAMPP\htdocs\sistema_medico\system\CodeIgniter.php(412): CodeIgniter\CodeIgniter->runController(Object(App\Controllers\ctrl_acceso))
#5 D:\XAMPP\htdocs\sistema_medico\system\CodeIgniter.php(320): CodeIgniter\CodeIgniter->handleRequest(NULL, Object(Config\Cache), false)
#6 D:\XAMPP\htdocs\sistema_medico\index.php(37): CodeIgniter\CodeIgniter->run()
#7 {main}
CRITICAL - 2022-02-20 18:18:47 --> Invalid file: index.php
#0 D:\XAMPP\htdocs\sistema_medico\system\View\View.php(198): CodeIgniter\Exceptions\FrameworkException::forInvalidFile('index.php')
#1 D:\XAMPP\htdocs\sistema_medico\system\Common.php(1089): CodeIgniter\View\View->render('index', Array, true)
#2 D:\XAMPP\htdocs\sistema_medico\app\Controllers\ctrl_acceso.php(6): view('index')
#3 D:\XAMPP\htdocs\sistema_medico\system\CodeIgniter.php(825): App\Controllers\ctrl_acceso->index()
#4 D:\XAMPP\htdocs\sistema_medico\system\CodeIgniter.php(412): CodeIgniter\CodeIgniter->runController(Object(App\Controllers\ctrl_acceso))
#5 D:\XAMPP\htdocs\sistema_medico\system\CodeIgniter.php(320): CodeIgniter\CodeIgniter->handleRequest(NULL, Object(Config\Cache), false)
#6 D:\XAMPP\htdocs\sistema_medico\index.php(37): CodeIgniter\CodeIgniter->run()
#7 {main}
CRITICAL - 2022-02-20 18:18:47 --> Invalid file: index.php
#0 D:\XAMPP\htdocs\sistema_medico\system\View\View.php(198): CodeIgniter\Exceptions\FrameworkException::forInvalidFile('index.php')
#1 D:\XAMPP\htdocs\sistema_medico\system\Common.php(1089): CodeIgniter\View\View->render('index', Array, true)
#2 D:\XAMPP\htdocs\sistema_medico\app\Controllers\ctrl_acceso.php(6): view('index')
#3 D:\XAMPP\htdocs\sistema_medico\system\CodeIgniter.php(825): App\Controllers\ctrl_acceso->index()
#4 D:\XAMPP\htdocs\sistema_medico\system\CodeIgniter.php(412): CodeIgniter\CodeIgniter->runController(Object(App\Controllers\ctrl_acceso))
#5 D:\XAMPP\htdocs\sistema_medico\system\CodeIgniter.php(320): CodeIgniter\CodeIgniter->handleRequest(NULL, Object(Config\Cache), false)
#6 D:\XAMPP\htdocs\sistema_medico\index.php(37): CodeIgniter\CodeIgniter->run()
#7 {main}
CRITICAL - 2022-02-20 18:23:02 --> Invalid file: index.php
#0 D:\XAMPP\htdocs\sistema_medico\system\View\View.php(198): CodeIgniter\Exceptions\FrameworkException::forInvalidFile('index.php')
#1 D:\XAMPP\htdocs\sistema_medico\system\Common.php(1089): CodeIgniter\View\View->render('index', Array, true)
#2 D:\XAMPP\htdocs\sistema_medico\app\Controllers\ctrl_acceso.php(6): view('index')
#3 D:\XAMPP\htdocs\sistema_medico\system\CodeIgniter.php(825): App\Controllers\ctrl_acceso->index()
#4 D:\XAMPP\htdocs\sistema_medico\system\CodeIgniter.php(412): CodeIgniter\CodeIgniter->runController(Object(App\Controllers\ctrl_acceso))
#5 D:\XAMPP\htdocs\sistema_medico\system\CodeIgniter.php(320): CodeIgniter\CodeIgniter->handleRequest(NULL, Object(Config\Cache), false)
#6 D:\XAMPP\htdocs\sistema_medico\index.php(37): CodeIgniter\CodeIgniter->run()
#7 {main}
CRITICAL - 2022-02-20 18:23:03 --> Invalid file: index.php
#0 D:\XAMPP\htdocs\sistema_medico\system\View\View.php(198): CodeIgniter\Exceptions\FrameworkException::forInvalidFile('index.php')
#1 D:\XAMPP\htdocs\sistema_medico\system\Common.php(1089): CodeIgniter\View\View->render('index', Array, true)
#2 D:\XAMPP\htdocs\sistema_medico\app\Controllers\ctrl_acceso.php(6): view('index')
#3 D:\XAMPP\htdocs\sistema_medico\system\CodeIgniter.php(825): App\Controllers\ctrl_acceso->index()
#4 D:\XAMPP\htdocs\sistema_medico\system\CodeIgniter.php(412): CodeIgniter\CodeIgniter->runController(Object(App\Controllers\ctrl_acceso))
#5 D:\XAMPP\htdocs\sistema_medico\system\CodeIgniter.php(320): CodeIgniter\CodeIgniter->handleRequest(NULL, Object(Config\Cache), false)
#6 D:\XAMPP\htdocs\sistema_medico\index.php(37): CodeIgniter\CodeIgniter->run()
#7 {main}
CRITICAL - 2022-02-20 18:23:04 --> Invalid file: index.php
#0 D:\XAMPP\htdocs\sistema_medico\system\View\View.php(198): CodeIgniter\Exceptions\FrameworkException::forInvalidFile('index.php')
#1 D:\XAMPP\htdocs\sistema_medico\system\Common.php(1089): CodeIgniter\View\View->render('index', Array, true)
#2 D:\XAMPP\htdocs\sistema_medico\app\Controllers\ctrl_acceso.php(6): view('index')
#3 D:\XAMPP\htdocs\sistema_medico\system\CodeIgniter.php(825): App\Controllers\ctrl_acceso->index()
#4 D:\XAMPP\htdocs\sistema_medico\system\CodeIgniter.php(412): CodeIgniter\CodeIgniter->runController(Object(App\Controllers\ctrl_acceso))
#5 D:\XAMPP\htdocs\sistema_medico\system\CodeIgniter.php(320): CodeIgniter\CodeIgniter->handleRequest(NULL, Object(Config\Cache), false)
#6 D:\XAMPP\htdocs\sistema_medico\index.php(37): CodeIgniter\CodeIgniter->run()
#7 {main}
CRITICAL - 2022-02-20 18:23:05 --> Invalid file: index.php
#0 D:\XAMPP\htdocs\sistema_medico\system\View\View.php(198): CodeIgniter\Exceptions\FrameworkException::forInvalidFile('index.php')
#1 D:\XAMPP\htdocs\sistema_medico\system\Common.php(1089): CodeIgniter\View\View->render('index', Array, true)
#2 D:\XAMPP\htdocs\sistema_medico\app\Controllers\ctrl_acceso.php(6): view('index')
#3 D:\XAMPP\htdocs\sistema_medico\system\CodeIgniter.php(825): App\Controllers\ctrl_acceso->index()
#4 D:\XAMPP\htdocs\sistema_medico\system\CodeIgniter.php(412): CodeIgniter\CodeIgniter->runController(Object(App\Controllers\ctrl_acceso))
#5 D:\XAMPP\htdocs\sistema_medico\system\CodeIgniter.php(320): CodeIgniter\CodeIgniter->handleRequest(NULL, Object(Config\Cache), false)
#6 D:\XAMPP\htdocs\sistema_medico\index.php(37): CodeIgniter\CodeIgniter->run()
#7 {main}
